2020-09-28 01:58:16.564  INFO 78698 --- [SpringContextShutdownHook] j.LocalContainerEntityManagerFactoryBean : Closing JPA EntityManagerFactory for persistence unit 'default'
2020-09-28 01:58:16.582  INFO 78698 --- [SpringContextShutdownHook] o.s.s.concurrent.ThreadPoolTaskExecutor  : Shutting down ExecutorService 'applicationTaskExecutor'
2020-09-28 01:58:16.583  INFO 78698 --- [SpringContextShutdownHook] com.zaxxer.hikari.HikariDataSource       : HikariPool-1 - Shutdown initiated...
2020-09-28 01:58:16.587  INFO 78698 --- [SpringContextShutdownHook] com.zaxxer.hikari.HikariDataSource       : HikariPool-1 - Shutdown completed.
2020-09-28 01:58:22.921  INFO 83065 --- [main] n.lbenzzine.backend.BackendApplication   : Starting BackendApplication on Abdellatifs-MBP.attlocal.net with PID 83065 (/Users/mohager/IdeaProjects/InterviewPrep/backend/target/classes started by mohager in /Users/mohager/IdeaProjects/InterviewPrep/backend)
2020-09-28 01:58:22.924 DEBUG 83065 --- [main] n.lbenzzine.backend.BackendApplication   : Running with Spring Boot v2.3.4.RELEASE, Spring v5.2.9.RELEASE
2020-09-28 01:58:22.924  INFO 83065 --- [main] n.lbenzzine.backend.BackendApplication   : No active profile set, falling back to default profiles: default
2020-09-28 01:58:24.055  INFO 83065 --- [main] .s.d.r.c.RepositoryConfigurationDelegate : Bootstrapping Spring Data JPA repositories in DEFERRED mode.
2020-09-28 01:58:24.120  INFO 83065 --- [main] .s.d.r.c.RepositoryConfigurationDelegate : Finished Spring Data repository scanning in 55ms. Found 2 JPA repository interfaces.
2020-09-28 01:58:24.546  INFO 83065 --- [main] o.s.b.w.embedded.tomcat.TomcatWebServer  : Tomcat initialized with port(s): 9001 (http)
2020-09-28 01:58:24.553  INFO 83065 --- [main] o.apache.catalina.core.StandardService   : Starting service [Tomcat]
2020-09-28 01:58:24.553  INFO 83065 --- [main] org.apache.catalina.core.StandardEngine  : Starting Servlet engine: [Apache Tomcat/9.0.38]
2020-09-28 01:58:24.621  INFO 83065 --- [main] o.a.c.c.C.[Tomcat].[localhost].[/]       : Initializing Spring embedded WebApplicationContext
2020-09-28 01:58:24.621  INFO 83065 --- [main] w.s.c.ServletWebServerApplicationContext : Root WebApplicationContext: initialization completed in 1648 ms
2020-09-28 01:58:24.731  INFO 83065 --- [main] com.zaxxer.hikari.HikariDataSource       : HikariPool-1 - Starting...
2020-09-28 01:58:24.836  INFO 83065 --- [main] com.zaxxer.hikari.HikariDataSource       : HikariPool-1 - Start completed.
2020-09-28 01:58:24.843  INFO 83065 --- [main] o.s.b.a.h2.H2ConsoleAutoConfiguration    : H2 console available at '/h2-console'. Database available at 'jdbc:h2:mem:testdb'
2020-09-28 01:58:24.960  INFO 83065 --- [main] o.s.s.concurrent.ThreadPoolTaskExecutor  : Initializing ExecutorService 'applicationTaskExecutor'
2020-09-28 01:58:25.059  INFO 83065 --- [task-1] o.hibernate.jpa.internal.util.LogHelper  : HHH000204: Processing PersistenceUnitInfo [
	name: default
	...]
2020-09-28 01:58:25.118  INFO 83065 --- [task-1] org.hibernate.Version                    : HHH000412: Hibernate Core {5.2.10.Final}
2020-09-28 01:58:25.119  INFO 83065 --- [task-1] org.hibernate.cfg.Environment            : HHH000206: hibernate.properties not found
2020-09-28 01:58:25.152  INFO 83065 --- [task-1] o.hibernate.annotations.common.Version   : HCANN000001: Hibernate Commons Annotations {5.0.1.Final}
2020-09-28 01:58:25.237  INFO 83065 --- [task-1] org.hibernate.dialect.Dialect            : HHH000400: Using dialect: org.hibernate.dialect.H2Dialect
2020-09-28 01:58:25.267  WARN 83065 --- [main] JpaBaseConfiguration$JpaWebConfiguration : spring.jpa.open-in-view is enabled by default. Therefore, database queries may be performed during view rendering. Explicitly configure spring.jpa.open-in-view to disable this warning
2020-09-28 01:58:25.414  INFO 83065 --- [main] pertySourcedRequestMappingHandlerMapping : Mapped URL path [/v2/api-docs] onto method [springfox.documentation.swagger2.web.Swagger2Controller#getDocumentation(String, HttpServletRequest)]
2020-09-28 01:58:25.733  INFO 83065 --- [task-1] j.LocalContainerEntityManagerFactoryBean : Initialized JPA EntityManagerFactory for persistence unit 'default'
2020-09-28 01:58:26.366  INFO 83065 --- [main] o.s.b.w.embedded.tomcat.TomcatWebServer  : Tomcat started on port(s): 9001 (http) with context path ''
2020-09-28 01:58:26.445  INFO 83065 --- [main] o.s.b.w.embedded.tomcat.TomcatWebServer  : Tomcat initialized with port(s): 9000 (http)
2020-09-28 01:58:26.446  INFO 83065 --- [main] o.apache.catalina.core.StandardService   : Starting service [Tomcat]
2020-09-28 01:58:26.446  INFO 83065 --- [main] org.apache.catalina.core.StandardEngine  : Starting Servlet engine: [Apache Tomcat/9.0.38]
2020-09-28 01:58:26.454  INFO 83065 --- [main] o.a.c.c.C.[Tomcat-1].[localhost].[/]     : Initializing Spring embedded WebApplicationContext
2020-09-28 01:58:26.455  INFO 83065 --- [main] w.s.c.ServletWebServerApplicationContext : Root WebApplicationContext: initialization completed in 85 ms
2020-09-28 01:58:26.470  INFO 83065 --- [main] o.s.b.a.e.web.EndpointLinksResolver      : Exposing 2 endpoint(s) beneath base path '/actuator'
2020-09-28 01:58:26.513  INFO 83065 --- [main] o.s.b.w.embedded.tomcat.TomcatWebServer  : Tomcat started on port(s): 9000 (http) with context path ''
2020-09-28 01:58:26.515  INFO 83065 --- [main] DeferredRepositoryInitializationListener : Triggering deferred initialization of Spring Data repositories…
2020-09-28 01:58:26.802  INFO 83065 --- [main] DeferredRepositoryInitializationListener : Spring Data repositories initialized!
2020-09-28 01:58:26.805  INFO 83065 --- [main] d.s.w.p.DocumentationPluginsBootstrapper : Context refreshed
2020-09-28 01:58:26.821  INFO 83065 --- [main] d.s.w.p.DocumentationPluginsBootstrapper : Found 1 custom documentation plugin(s)
2020-09-28 01:58:26.862  INFO 83065 --- [main] s.d.s.w.s.ApiListingReferenceScanner     : Scanning for api listing references
2020-09-28 01:58:27.045  INFO 83065 --- [main] DeferredRepositoryInitializationListener : Triggering deferred initialization of Spring Data repositories…
2020-09-28 01:58:27.045  INFO 83065 --- [main] DeferredRepositoryInitializationListener : Spring Data repositories initialized!
2020-09-28 01:58:27.057  INFO 83065 --- [main] n.lbenzzine.backend.BackendApplication   : Started BackendApplication in 4.404 seconds (JVM running for 5.071)
2020-09-28 01:58:27.428  INFO 83065 --- [RMI TCP Connection(3)-192.168.1.65] o.a.c.c.C.[Tomcat].[localhost].[/]       : Initializing Spring DispatcherServlet 'dispatcherServlet'
2020-09-28 01:58:27.428  INFO 83065 --- [RMI TCP Connection(3)-192.168.1.65] o.s.web.servlet.DispatcherServlet        : Initializing Servlet 'dispatcherServlet'
2020-09-28 01:58:27.436  INFO 83065 --- [RMI TCP Connection(3)-192.168.1.65] o.s.web.servlet.DispatcherServlet        : Completed initialization in 8 ms
2020-09-28 02:16:04.628  INFO 83065 --- [http-nio-9000-exec-1] o.a.c.c.C.[Tomcat-1].[localhost].[/]     : Initializing Spring DispatcherServlet 'dispatcherServlet'
2020-09-28 02:16:04.629  INFO 83065 --- [http-nio-9000-exec-1] o.s.web.servlet.DispatcherServlet        : Initializing Servlet 'dispatcherServlet'
2020-09-28 02:16:04.630  INFO 83065 --- [http-nio-9000-exec-1] o.s.web.servlet.DispatcherServlet        : Completed initialization in 1 ms
